<?xml version='1.0' encoding='UTF-8'?>
<testsuite hostname="DESKTOP-OMB0OF9" name="PyramidServiceSpec" tests="4" errors="0" failures="0" skipped="0" time="0.01" timestamp="2021-11-06T19:05:23">
          <properties>
[...]
</properties>
          <testcase classname="PyramidServiceSpec" name="PyramidService should calculate area for given pyramid data" time="0.01">
                      
                    </testcase><testcase classname="PyramidServiceSpec" name="PyramidService should return zero if length is zero" time="0.0">
                      
                    </testcase><testcase classname="PyramidServiceSpec" name="PyramidService should return zero if width is zero" time="0.0">
                      
                    </testcase><testcase classname="PyramidServiceSpec" name="PyramidService should return zero height is zero" time="0.0">
                      
                    </testcase>
          <system-out><![CDATA[]]></system-out>
          <system-err><![CDATA[]]></system-err>
        </testsuite>